This is pdfTeX, Version 3.14159265-2.6-1.40.17 (MiKTeX 2.9) (preloaded format=pdflatex 2016.9.16)  10 JAN 2017 21:04
entering extended mode
**./LRT_GPGPU.tex
(LRT_GPGPU.tex
LaTeX2e <2016/03/31> patch level 3
Babel <3.9r> and hyphenation patterns for 75 language(s) loaded.
(IEEEtran.cls
Document Class: IEEEtran 2007/03/05 V1.7a by Michael Shell
-- See the "IEEEtran_HOWTO" manual for usage information.
-- http://www.michaelshell.org/tex/ieeetran/
\@IEEEtrantmpdimenA=\dimen102
\@IEEEtrantmpdimenB=\dimen103
\@IEEEtrantmpcountA=\count79
\@IEEEtrantmpcountB=\count80
\@IEEEtrantmptoksA=\toks14
-- Using IEEE Computer Society mode.
LaTeX Font Info:    Try loading font information for OT1+ppl on input line 377.

("C:\Program Files (x86)\MiKTeX 2.9\tex\latex\psnfss\ot1ppl.fd"
File: ot1ppl.fd 2001/06/04 font definitions for OT1/ppl.
)
-- Using 7.875in x 10.75in (letter) paper.
-- Using PDF output.
\@IEEEnormalsizeunitybaselineskip=\dimen104
-- This is a 10 point document.
\CLASSINFOnormalsizebaselineskip=\dimen105
\CLASSINFOnormalsizeunitybaselineskip=\dimen106
\IEEEnormaljot=\dimen107
LaTeX Font Info:    Font shape `OT1/ppl/bx/n' in size <5> not available
(Font)              Font shape `OT1/ppl/b/n' tried instead on input line 735.
LaTeX Font Info:    Font shape `OT1/ppl/bx/it' in size <5> not available
(Font)              Font shape `OT1/ppl/b/it' tried instead on input line 735.
LaTeX Font Info:    Font shape `OT1/ppl/bx/n' in size <7> not available
(Font)              Font shape `OT1/ppl/b/n' tried instead on input line 735.
LaTeX Font Info:    Font shape `OT1/ppl/bx/it' in size <7> not available
(Font)              Font shape `OT1/ppl/b/it' tried instead on input line 735.
LaTeX Font Info:    Font shape `OT1/ppl/bx/n' in size <8> not available
(Font)              Font shape `OT1/ppl/b/n' tried instead on input line 735.
LaTeX Font Info:    Font shape `OT1/ppl/bx/it' in size <8> not available
(Font)              Font shape `OT1/ppl/b/it' tried instead on input line 735.
LaTeX Font Info:    Font shape `OT1/ppl/bx/n' in size <9> not available
(Font)              Font shape `OT1/ppl/b/n' tried instead on input line 735.
LaTeX Font Info:    Font shape `OT1/ppl/bx/it' in size <9> not available
(Font)              Font shape `OT1/ppl/b/it' tried instead on input line 735.
LaTeX Font Info:    Font shape `OT1/ppl/bx/n' in size <10> not available
(Font)              Font shape `OT1/ppl/b/n' tried instead on input line 735.
LaTeX Font Info:    Font shape `OT1/ppl/bx/it' in size <10> not available
(Font)              Font shape `OT1/ppl/b/it' tried instead on input line 735.
LaTeX Font Info:    Font shape `OT1/ppl/bx/n' in size <11> not available
(Font)              Font shape `OT1/ppl/b/n' tried instead on input line 735.
LaTeX Font Info:    Font shape `OT1/ppl/bx/it' in size <11> not available
(Font)              Font shape `OT1/ppl/b/it' tried instead on input line 735.
LaTeX Font Info:    Font shape `OT1/ppl/bx/n' in size <12> not available
(Font)              Font shape `OT1/ppl/b/n' tried instead on input line 735.
LaTeX Font Info:    Font shape `OT1/ppl/bx/it' in size <12> not available
(Font)              Font shape `OT1/ppl/b/it' tried instead on input line 735.
LaTeX Font Info:    Font shape `OT1/ppl/bx/n' in size <17> not available
(Font)              Font shape `OT1/ppl/b/n' tried instead on input line 735.
LaTeX Font Info:    Font shape `OT1/ppl/bx/it' in size <17> not available
(Font)              Font shape `OT1/ppl/b/it' tried instead on input line 735.
LaTeX Font Info:    Font shape `OT1/ppl/bx/n' in size <20> not available
(Font)              Font shape `OT1/ppl/b/n' tried instead on input line 735.
LaTeX Font Info:    Font shape `OT1/ppl/bx/it' in size <20> not available
(Font)              Font shape `OT1/ppl/b/it' tried instead on input line 735.
LaTeX Font Info:    Font shape `OT1/ppl/bx/n' in size <24> not available
(Font)              Font shape `OT1/ppl/b/n' tried instead on input line 735.
LaTeX Font Info:    Font shape `OT1/ppl/bx/it' in size <24> not available
(Font)              Font shape `OT1/ppl/b/it' tried instead on input line 735.
\IEEEilabelindentA=\dimen108
\IEEEilabelindentB=\dimen109
\IEEEilabelindent=\dimen110
\IEEEelabelindent=\dimen111
\IEEEdlabelindent=\dimen112
\IEEElabelindent=\dimen113
\IEEEiednormlabelsep=\dimen114
\IEEEiedmathlabelsep=\dimen115
\IEEEiedtopsep=\skip41
\c@section=\count81
\c@subsection=\count82
\c@subsubsection=\count83
\c@paragraph=\count84
\c@IEEEsubequation=\count85
\abovecaptionskip=\skip42
\belowcaptionskip=\skip43
\c@figure=\count86
\c@table=\count87
\@IEEEeqnnumcols=\count88
\@IEEEeqncolcnt=\count89
\@IEEEtmpitemindent=\dimen116
\c@IEEEbiography=\count90
\@IEEEtranrubishbin=\box26
) ("C:\Program Files (x86)\MiKTeX 2.9\tex\latex\amsfonts\amssymb.sty"
Package: amssymb 2013/01/14 v3.01 AMS font symbols

("C:\Program Files (x86)\MiKTeX 2.9\tex\latex\amsfonts\amsfonts.sty"
Package: amsfonts 2013/01/14 v3.01 Basic AMSFonts support
\@emptytoks=\toks15
\symAMSa=\mathgroup4
\symAMSb=\mathgroup5
LaTeX Font Info:    Overwriting math alphabet `\mathfrak' in version `bold'
(Font)                  U/euf/m/n --> U/euf/b/n on input line 106.
))
("C:\Program Files (x86)\MiKTeX 2.9\tex\latex\graphics\graphicx.sty"
Package: graphicx 2014/10/28 v1.0g Enhanced LaTeX Graphics (DPC,SPQR)

("C:\Program Files (x86)\MiKTeX 2.9\tex\latex\graphics\keyval.sty"
Package: keyval 2014/10/28 v1.15 key=value parser (DPC)
\KV@toks@=\toks16
)
("C:\Program Files (x86)\MiKTeX 2.9\tex\latex\graphics\graphics.sty"
Package: graphics 2016/07/10 v1.0t Standard LaTeX Graphics (DPC,SPQR)

("C:\Program Files (x86)\MiKTeX 2.9\tex\latex\graphics\trig.sty"
Package: trig 2016/01/03 v1.10 sin cos tan (DPC)
)
("C:\Program Files (x86)\MiKTeX 2.9\tex\latex\00miktex\graphics.cfg"
File: graphics.cfg 2016/06/04 v1.11 sample graphics configuration
)
Package graphics Info: Driver file: pdftex.def on input line 99.

("C:\Program Files (x86)\MiKTeX 2.9\tex\latex\graphics-def\pdftex.def"
File: pdftex.def 2016/07/10 v0.06j Graphics/color for pdfTeX

("C:\Program Files (x86)\MiKTeX 2.9\tex\generic\oberdiek\infwarerr.sty"
Package: infwarerr 2016/05/16 v1.4 Providing info/warning/error messages (HO)
)
("C:\Program Files (x86)\MiKTeX 2.9\tex\generic\oberdiek\ltxcmds.sty"
Package: ltxcmds 2016/05/16 v1.23 LaTeX kernel commands for general use (HO)
)
\Gread@gobject=\count91
))
\Gin@req@height=\dimen117
\Gin@req@width=\dimen118
)
("C:\Program Files (x86)\MiKTeX 2.9\tex\latex\subfig\subfig.sty"
Package: subfig 2005/06/28 ver: 1.3 subfig package

("C:\Program Files (x86)\MiKTeX 2.9\tex\latex\caption\caption.sty"
Package: caption 2016/02/21 v3.3-144 Customizing captions (AR)

("C:\Program Files (x86)\MiKTeX 2.9\tex\latex\caption\caption3.sty"
Package: caption3 2016/05/22 v1.7-166 caption3 kernel (AR)
Package caption3 Info: TeX engine: e-TeX on input line 67.
\captionmargin=\dimen119
\captionmargin@=\dimen120
\captionwidth=\dimen121
\caption@tempdima=\dimen122
\caption@indent=\dimen123
\caption@parindent=\dimen124
\caption@hangindent=\dimen125
Package caption Info: Unknown document class (or package),
(caption)             standard defaults will be used.
)

Package caption Warning: Unsupported document class (or package) detected,
(caption)                usage of the caption package is not recommended.
See the caption package documentation for explanation.

Package caption Info: \@makecaption = \long macro:#1#2->\ifx \@captype \@IEEEta
blestring \normalsize \begin {center}{\normalfont \sffamily \normalsize #1}\\{\
normalfont \sffamily \normalsize #2}\end {center}\@IEEEtablecaptionsepspace \el
se \@IEEEfigurecaptionsepspace \setbox \@tempboxa \hbox {\normalfont \sffamily 
\normalsize {#1.}~ #2}\ifdim \wd \@tempboxa >\hsize \setbox \@tempboxa \hbox {\
normalfont \sffamily \normalsize {#1.}~ }\parbox [t]{\hsize }{\normalfont \sffa
mily \normalsize \noindent \unhbox \@tempboxa #2}\else \hbox to\hsize {\normalf
ont \sffamily \normalsize \box \@tempboxa \hfil }\fi \fi .
\c@ContinuedFloat=\count92
)
\c@KVtest=\count93
\sf@farskip=\skip44
\sf@captopadj=\dimen126
\sf@capskip=\skip45
\sf@nearskip=\skip46
\c@subfigure=\count94
\c@subfigure@save=\count95
\c@lofdepth=\count96
\c@subtable=\count97
\c@subtable@save=\count98
\c@lotdepth=\count99
\sf@top=\skip47
\sf@bottom=\skip48
) ("C:\Program Files (x86)\MiKTeX 2.9\tex\latex\base\alltt.sty"
Package: alltt 1997/06/16 v2.0g defines alltt environment
)
("C:\Program Files (x86)\MiKTeX 2.9\tex\latex\amsmath\amsmath.sty"
Package: amsmath 2016/06/28 v2.15d AMS math features
\@mathmargin=\skip49

For additional information on amsmath, use the `?' option.
("C:\Program Files (x86)\MiKTeX 2.9\tex\latex\amsmath\amstext.sty"
Package: amstext 2000/06/29 v2.01 AMS text

("C:\Program Files (x86)\MiKTeX 2.9\tex\latex\amsmath\amsgen.sty"
File: amsgen.sty 1999/11/30 v2.0 generic functions
\@emptytoks=\toks17
\ex@=\dimen127
))
("C:\Program Files (x86)\MiKTeX 2.9\tex\latex\amsmath\amsbsy.sty"
Package: amsbsy 1999/11/29 v1.2d Bold Symbols
\pmbraise@=\dimen128
)
("C:\Program Files (x86)\MiKTeX 2.9\tex\latex\amsmath\amsopn.sty"
Package: amsopn 2016/03/08 v2.02 operator names
)
\inf@bad=\count100
LaTeX Info: Redefining \frac on input line 199.
\uproot@=\count101
\leftroot@=\count102
LaTeX Info: Redefining \overline on input line 297.
\classnum@=\count103
\DOTSCASE@=\count104
LaTeX Info: Redefining \ldots on input line 394.
LaTeX Info: Redefining \dots on input line 397.
LaTeX Info: Redefining \cdots on input line 518.
\Mathstrutbox@=\box27
\strutbox@=\box28
\big@size=\dimen129
LaTeX Font Info:    Redeclaring font encoding OML on input line 634.
LaTeX Font Info:    Redeclaring font encoding OMS on input line 635.
\macc@depth=\count105
\c@MaxMatrixCols=\count106
\dotsspace@=\muskip10
\c@parentequation=\count107
\dspbrk@lvl=\count108
\tag@help=\toks18
\row@=\count109
\column@=\count110
\maxfields@=\count111
\andhelp@=\toks19
\eqnshift@=\dimen130
\alignsep@=\dimen131
\tagshift@=\dimen132
\tagwidth@=\dimen133
\totwidth@=\dimen134
\lineht@=\dimen135
\@envbody=\toks20
\multlinegap=\skip50
\multlinetaggap=\skip51
\mathdisplay@stack=\toks21
LaTeX Info: Redefining \[ on input line 2739.
LaTeX Info: Redefining \] on input line 2740.
)
("C:\Program Files (x86)\MiKTeX 2.9\tex\latex\url\url.sty"
\Urlmuskip=\muskip11
Package: url 2013/09/16  ver 3.4  Verb mode for urls, etc.
)
("C:\Program Files (x86)\MiKTeX 2.9\tex\latex\tools\enumerate.sty"
Package: enumerate 2015/07/23 v3.00 enumerate extensions (DPC)
\@enLab=\toks22
)
("C:\Program Files (x86)\MiKTeX 2.9\tex\latex\tools\xspace.sty"
Package: xspace 2014/10/28 v1.13 Space after command names (DPC,MH)
)
("C:\Program Files (x86)\MiKTeX 2.9\tex\latex\pgf\frontendlayer\tikz.sty"
("C:\Program Files (x86)\MiKTeX 2.9\tex\latex\pgf\basiclayer\pgf.sty"
("C:\Program Files (x86)\MiKTeX 2.9\tex\latex\pgf\utilities\pgfrcs.sty"
("C:\Program Files (x86)\MiKTeX 2.9\tex\generic\pgf\utilities\pgfutil-common.te
x"
\pgfutil@everybye=\toks23
\pgfutil@tempdima=\dimen136
\pgfutil@tempdimb=\dimen137

("C:\Program Files (x86)\MiKTeX 2.9\tex\generic\pgf\utilities\pgfutil-common-li
sts.tex"))
("C:\Program Files (x86)\MiKTeX 2.9\tex\generic\pgf\utilities\pgfutil-latex.def
"
\pgfutil@abb=\box29
 ("C:\Program Files (x86)\MiKTeX 2.9\tex\latex\ms\everyshi.sty"
Package: everyshi 2001/05/15 v3.00 EveryShipout Package (MS)
))
("C:\Program Files (x86)\MiKTeX 2.9\tex\generic\pgf\utilities\pgfrcs.code.tex"
Package: pgfrcs 2015/08/07 v3.0.1a (rcs-revision 1.31)
))
Package: pgf 2015/08/07 v3.0.1a (rcs-revision 1.15)
 ("C:\Program Files (x86)\MiKTeX 2.9\tex\latex\pgf\basiclayer\pgfcore.sty"
("C:\Program Files (x86)\MiKTeX 2.9\tex\latex\pgf\systemlayer\pgfsys.sty"
("C:\Program Files (x86)\MiKTeX 2.9\tex\generic\pgf\systemlayer\pgfsys.code.tex
"
Package: pgfsys 2014/07/09 v3.0.1a (rcs-revision 1.48)
 ("C:\Program Files (x86)\MiKTeX 2.9\tex\generic\pgf\utilities\pgfkeys.code.tex
"
\pgfkeys@pathtoks=\toks24
\pgfkeys@temptoks=\toks25

("C:\Program Files (x86)\MiKTeX 2.9\tex\generic\pgf\utilities\pgfkeysfiltered.c
ode.tex"
\pgfkeys@tmptoks=\toks26
))
\pgf@x=\dimen138
\pgf@y=\dimen139
\pgf@xa=\dimen140
\pgf@ya=\dimen141
\pgf@xb=\dimen142
\pgf@yb=\dimen143
\pgf@xc=\dimen144
\pgf@yc=\dimen145
\w@pgf@writea=\write3
\r@pgf@reada=\read1
\c@pgf@counta=\count112
\c@pgf@countb=\count113
\c@pgf@countc=\count114
\c@pgf@countd=\count115
\t@pgf@toka=\toks27
\t@pgf@tokb=\toks28
\t@pgf@tokc=\toks29

("C:\Program Files (x86)\MiKTeX 2.9\tex\generic\pgf\systemlayer\pgf.cfg"
File: pgf.cfg 2008/05/14  (rcs-revision 1.7)
)
Driver file for pgf: pgfsys-pdftex.def

("C:\Program Files (x86)\MiKTeX 2.9\tex\generic\pgf\systemlayer\pgfsys-pdftex.d
ef"
File: pgfsys-pdftex.def 2014/10/11  (rcs-revision 1.35)

("C:\Program Files (x86)\MiKTeX 2.9\tex\generic\pgf\systemlayer\pgfsys-common-p
df.def"
File: pgfsys-common-pdf.def 2013/10/10  (rcs-revision 1.13)
)))
("C:\Program Files (x86)\MiKTeX 2.9\tex\generic\pgf\systemlayer\pgfsyssoftpath.
code.tex"
File: pgfsyssoftpath.code.tex 2013/09/09  (rcs-revision 1.9)
\pgfsyssoftpath@smallbuffer@items=\count116
\pgfsyssoftpath@bigbuffer@items=\count117
)
("C:\Program Files (x86)\MiKTeX 2.9\tex\generic\pgf\systemlayer\pgfsysprotocol.
code.tex"
File: pgfsysprotocol.code.tex 2006/10/16  (rcs-revision 1.4)
)) ("C:\Program Files (x86)\MiKTeX 2.9\tex\latex\xcolor\xcolor.sty"
Package: xcolor 2016/05/11 v2.12 LaTeX color extensions (UK)

("C:\Program Files (x86)\MiKTeX 2.9\tex\latex\00miktex\color.cfg"
File: color.cfg 2016/01/02 v1.6 sample color configuration
)
Package xcolor Info: Driver file: pdftex.def on input line 225.
Package xcolor Info: Model `cmy' substituted by `cmy0' on input line 1348.
Package xcolor Info: Model `hsb' substituted by `rgb' on input line 1352.
Package xcolor Info: Model `RGB' extended on input line 1364.
Package xcolor Info: Model `HTML' substituted by `rgb' on input line 1366.
Package xcolor Info: Model `Hsb' substituted by `hsb' on input line 1367.
Package xcolor Info: Model `tHsb' substituted by `hsb' on input line 1368.
Package xcolor Info: Model `HSB' substituted by `hsb' on input line 1369.
Package xcolor Info: Model `Gray' substituted by `gray' on input line 1370.
Package xcolor Info: Model `wave' substituted by `hsb' on input line 1371.
)
("C:\Program Files (x86)\MiKTeX 2.9\tex\generic\pgf\basiclayer\pgfcore.code.tex
"
Package: pgfcore 2010/04/11 v3.0.1a (rcs-revision 1.7)
 ("C:\Program Files (x86)\MiKTeX 2.9\tex\generic\pgf\math\pgfmath.code.tex"
("C:\Program Files (x86)\MiKTeX 2.9\tex\generic\pgf\math\pgfmathcalc.code.tex"
("C:\Program Files (x86)\MiKTeX 2.9\tex\generic\pgf\math\pgfmathutil.code.tex")
("C:\Program Files (x86)\MiKTeX 2.9\tex\generic\pgf\math\pgfmathparser.code.tex
"
\pgfmath@dimen=\dimen146
\pgfmath@count=\count118
\pgfmath@box=\box30
\pgfmath@toks=\toks30
\pgfmath@stack@operand=\toks31
\pgfmath@stack@operation=\toks32
)
("C:\Program Files (x86)\MiKTeX 2.9\tex\generic\pgf\math\pgfmathfunctions.code.
tex"
("C:\Program Files (x86)\MiKTeX 2.9\tex\generic\pgf\math\pgfmathfunctions.basic
.code.tex")
("C:\Program Files (x86)\MiKTeX 2.9\tex\generic\pgf\math\pgfmathfunctions.trigo
nometric.code.tex")
("C:\Program Files (x86)\MiKTeX 2.9\tex\generic\pgf\math\pgfmathfunctions.rando
m.code.tex")
("C:\Program Files (x86)\MiKTeX 2.9\tex\generic\pgf\math\pgfmathfunctions.compa
rison.code.tex")
("C:\Program Files (x86)\MiKTeX 2.9\tex\generic\pgf\math\pgfmathfunctions.base.
code.tex")
("C:\Program Files (x86)\MiKTeX 2.9\tex\generic\pgf\math\pgfmathfunctions.round
.code.tex")
("C:\Program Files (x86)\MiKTeX 2.9\tex\generic\pgf\math\pgfmathfunctions.misc.
code.tex")
("C:\Program Files (x86)\MiKTeX 2.9\tex\generic\pgf\math\pgfmathfunctions.integ
erarithmetics.code.tex")))
("C:\Program Files (x86)\MiKTeX 2.9\tex\generic\pgf\math\pgfmathfloat.code.tex"
\c@pgfmathroundto@lastzeros=\count119
))
("C:\Program Files (x86)\MiKTeX 2.9\tex\generic\pgf\basiclayer\pgfcorepoints.co
de.tex"
File: pgfcorepoints.code.tex 2013/10/07  (rcs-revision 1.27)
\pgf@picminx=\dimen147
\pgf@picmaxx=\dimen148
\pgf@picminy=\dimen149
\pgf@picmaxy=\dimen150
\pgf@pathminx=\dimen151
\pgf@pathmaxx=\dimen152
\pgf@pathminy=\dimen153
\pgf@pathmaxy=\dimen154
\pgf@xx=\dimen155
\pgf@xy=\dimen156
\pgf@yx=\dimen157
\pgf@yy=\dimen158
\pgf@zx=\dimen159
\pgf@zy=\dimen160
)
("C:\Program Files (x86)\MiKTeX 2.9\tex\generic\pgf\basiclayer\pgfcorepathconst
ruct.code.tex"
File: pgfcorepathconstruct.code.tex 2013/10/07  (rcs-revision 1.29)
\pgf@path@lastx=\dimen161
\pgf@path@lasty=\dimen162
)
("C:\Program Files (x86)\MiKTeX 2.9\tex\generic\pgf\basiclayer\pgfcorepathusage
.code.tex"
File: pgfcorepathusage.code.tex 2014/11/02  (rcs-revision 1.24)
\pgf@shorten@end@additional=\dimen163
\pgf@shorten@start@additional=\dimen164
)
("C:\Program Files (x86)\MiKTeX 2.9\tex\generic\pgf\basiclayer\pgfcorescopes.co
de.tex"
File: pgfcorescopes.code.tex 2015/05/08  (rcs-revision 1.46)
\pgfpic=\box31
\pgf@hbox=\box32
\pgf@layerbox@main=\box33
\pgf@picture@serial@count=\count120
)
("C:\Program Files (x86)\MiKTeX 2.9\tex\generic\pgf\basiclayer\pgfcoregraphicst
ate.code.tex"
File: pgfcoregraphicstate.code.tex 2014/11/02  (rcs-revision 1.12)
\pgflinewidth=\dimen165
)
("C:\Program Files (x86)\MiKTeX 2.9\tex\generic\pgf\basiclayer\pgfcoretransform
ations.code.tex"
File: pgfcoretransformations.code.tex 2015/08/07  (rcs-revision 1.20)
\pgf@pt@x=\dimen166
\pgf@pt@y=\dimen167
\pgf@pt@temp=\dimen168
)
("C:\Program Files (x86)\MiKTeX 2.9\tex\generic\pgf\basiclayer\pgfcorequick.cod
e.tex"
File: pgfcorequick.code.tex 2008/10/09  (rcs-revision 1.3)
)
("C:\Program Files (x86)\MiKTeX 2.9\tex\generic\pgf\basiclayer\pgfcoreobjects.c
ode.tex"
File: pgfcoreobjects.code.tex 2006/10/11  (rcs-revision 1.2)
)
("C:\Program Files (x86)\MiKTeX 2.9\tex\generic\pgf\basiclayer\pgfcorepathproce
ssing.code.tex"
File: pgfcorepathprocessing.code.tex 2013/09/09  (rcs-revision 1.9)
)
("C:\Program Files (x86)\MiKTeX 2.9\tex\generic\pgf\basiclayer\pgfcorearrows.co
de.tex"
File: pgfcorearrows.code.tex 2015/05/14  (rcs-revision 1.43)
\pgfarrowsep=\dimen169
)
("C:\Program Files (x86)\MiKTeX 2.9\tex\generic\pgf\basiclayer\pgfcoreshade.cod
e.tex"
File: pgfcoreshade.code.tex 2013/07/15  (rcs-revision 1.15)
\pgf@max=\dimen170
\pgf@sys@shading@range@num=\count121
)
("C:\Program Files (x86)\MiKTeX 2.9\tex\generic\pgf\basiclayer\pgfcoreimage.cod
e.tex"
File: pgfcoreimage.code.tex 2013/07/15  (rcs-revision 1.18)

("C:\Program Files (x86)\MiKTeX 2.9\tex\generic\pgf\basiclayer\pgfcoreexternal.
code.tex"
File: pgfcoreexternal.code.tex 2014/07/09  (rcs-revision 1.21)
\pgfexternal@startupbox=\box34
))
("C:\Program Files (x86)\MiKTeX 2.9\tex\generic\pgf\basiclayer\pgfcorelayers.co
de.tex"
File: pgfcorelayers.code.tex 2013/07/18  (rcs-revision 1.7)
)
("C:\Program Files (x86)\MiKTeX 2.9\tex\generic\pgf\basiclayer\pgfcoretranspare
ncy.code.tex"
File: pgfcoretransparency.code.tex 2013/09/30  (rcs-revision 1.5)
)
("C:\Program Files (x86)\MiKTeX 2.9\tex\generic\pgf\basiclayer\pgfcorepatterns.
code.tex"
File: pgfcorepatterns.code.tex 2013/11/07  (rcs-revision 1.5)
)))
("C:\Program Files (x86)\MiKTeX 2.9\tex\generic\pgf\modules\pgfmoduleshapes.cod
e.tex"
File: pgfmoduleshapes.code.tex 2014/03/21  (rcs-revision 1.35)
\pgfnodeparttextbox=\box35
)
("C:\Program Files (x86)\MiKTeX 2.9\tex\generic\pgf\modules\pgfmoduleplot.code.
tex"
File: pgfmoduleplot.code.tex 2015/08/03  (rcs-revision 1.13)
)
("C:\Program Files (x86)\MiKTeX 2.9\tex\latex\pgf\compatibility\pgfcomp-version
-0-65.sty"
Package: pgfcomp-version-0-65 2007/07/03 v3.0.1a (rcs-revision 1.7)
\pgf@nodesepstart=\dimen171
\pgf@nodesepend=\dimen172
)
("C:\Program Files (x86)\MiKTeX 2.9\tex\latex\pgf\compatibility\pgfcomp-version
-1-18.sty"
Package: pgfcomp-version-1-18 2007/07/23 v3.0.1a (rcs-revision 1.1)
))
("C:\Program Files (x86)\MiKTeX 2.9\tex\latex\pgf\utilities\pgffor.sty"
("C:\Program Files (x86)\MiKTeX 2.9\tex\latex\pgf\utilities\pgfkeys.sty"
("C:\Program Files (x86)\MiKTeX 2.9\tex\generic\pgf\utilities\pgfkeys.code.tex"
)) ("C:\Program Files (x86)\MiKTeX 2.9\tex\latex\pgf\math\pgfmath.sty"
("C:\Program Files (x86)\MiKTeX 2.9\tex\generic\pgf\math\pgfmath.code.tex"))
("C:\Program Files (x86)\MiKTeX 2.9\tex\generic\pgf\utilities\pgffor.code.tex"
Package: pgffor 2013/12/13 v3.0.1a (rcs-revision 1.25)

("C:\Program Files (x86)\MiKTeX 2.9\tex\generic\pgf\math\pgfmath.code.tex")
\pgffor@iter=\dimen173
\pgffor@skip=\dimen174
\pgffor@stack=\toks33
\pgffor@toks=\toks34
))
("C:\Program Files (x86)\MiKTeX 2.9\tex\generic\pgf\frontendlayer\tikz\tikz.cod
e.tex"
Package: tikz 2015/08/07 v3.0.1a (rcs-revision 1.151)

("C:\Program Files (x86)\MiKTeX 2.9\tex\generic\pgf\libraries\pgflibraryplothan
dlers.code.tex"
File: pgflibraryplothandlers.code.tex 2013/08/31 v3.0.1a (rcs-revision 1.20)
\pgf@plot@mark@count=\count122
\pgfplotmarksize=\dimen175
)
\tikz@lastx=\dimen176
\tikz@lasty=\dimen177
\tikz@lastxsaved=\dimen178
\tikz@lastysaved=\dimen179
\tikzleveldistance=\dimen180
\tikzsiblingdistance=\dimen181
\tikz@figbox=\box36
\tikz@figbox@bg=\box37
\tikz@tempbox=\box38
\tikz@tempbox@bg=\box39
\tikztreelevel=\count123
\tikznumberofchildren=\count124
\tikznumberofcurrentchild=\count125
\tikz@fig@count=\count126

("C:\Program Files (x86)\MiKTeX 2.9\tex\generic\pgf\modules\pgfmodulematrix.cod
e.tex"
File: pgfmodulematrix.code.tex 2013/09/17  (rcs-revision 1.8)
\pgfmatrixcurrentrow=\count127
\pgfmatrixcurrentcolumn=\count128
\pgf@matrix@numberofcolumns=\count129
)
\tikz@expandcount=\count130

("C:\Program Files (x86)\MiKTeX 2.9\tex\generic\pgf\frontendlayer\tikz\librarie
s\tikzlibrarytopaths.code.tex"
File: tikzlibrarytopaths.code.tex 2008/06/17 v3.0.1a (rcs-revision 1.2)
)))
("C:\Program Files (x86)\MiKTeX 2.9\tex\latex\comment\comment.sty"
\CommentStream=\write4

Excluding comment 'comment')
("C:\Program Files (x86)\MiKTeX 2.9\tex\latex\multirow\multirow.sty"
\bigstrutjot=\dimen182
)
("C:\Program Files (x86)\MiKTeX 2.9\tex\latex\psnfss\times.sty"
Package: times 2005/04/12 PSNFSS-v9.2a (SPQR) 
)
("C:\Program Files (x86)\MiKTeX 2.9\tex\latex\tools\verbatim.sty"
Package: verbatim 2014/10/28 v1.5q LaTeX2e package for verbatim enhancements
\every@verbatim=\toks35
\verbatim@line=\toks36
\verbatim@in@stream=\read2
)
("C:\Program Files (x86)\MiKTeX 2.9\tex\latex\algorithms\algorithm.sty"
Package: algorithm 2009/08/24 v0.1 Document Style `algorithm' - floating enviro
nment

("C:\Program Files (x86)\MiKTeX 2.9\tex\latex\float\float.sty"
Package: float 2001/11/08 v1.3d Float enhancements (AL)
\c@float@type=\count131
\float@exts=\toks37
\float@box=\box40
\@float@everytoks=\toks38
\@floatcapt=\box41
)
("C:\Program Files (x86)\MiKTeX 2.9\tex\latex\base\ifthen.sty"
Package: ifthen 2014/09/29 v1.1c Standard LaTeX ifthen package (DPC)
)
\@float@every@algorithm=\toks39
\c@algorithm=\count132
)
("C:\Program Files (x86)\MiKTeX 2.9\tex\latex\algorithms\algorithmic.sty"
Package: algorithmic 2009/08/24 v0.1 Document Style `algorithmic'
\c@ALC@unique=\count133
\c@ALC@line=\count134
\c@ALC@rem=\count135
\c@ALC@depth=\count136
\ALC@tlm=\skip52
\algorithmicindent=\skip53
)
\c@definition=\count137
\c@lemma=\count138
\c@thm=\count139

No file LRT_GPGPU.aux.
\openout1 = `LRT_GPGPU.aux'.

LaTeX Font Info:    Checking defaults for OML/cmm/m/it on input line 43.
LaTeX Font Info:    ... okay on input line 43.
LaTeX Font Info:    Checking defaults for T1/cmr/m/n on input line 43.
LaTeX Font Info:    ... okay on input line 43.
LaTeX Font Info:    Checking defaults for OT1/cmr/m/n on input line 43.
LaTeX Font Info:    ... okay on input line 43.
LaTeX Font Info:    Checking defaults for OMS/cmsy/m/n on input line 43.
LaTeX Font Info:    ... okay on input line 43.
LaTeX Font Info:    Checking defaults for OMX/cmex/m/n on input line 43.
LaTeX Font Info:    ... okay on input line 43.
LaTeX Font Info:    Checking defaults for U/cmr/m/n on input line 43.
LaTeX Font Info:    ... okay on input line 43.
LaTeX Font Info:    Try loading font information for OT1+ptm on input line 43.
("C:\Program Files (x86)\MiKTeX 2.9\tex\latex\psnfss\ot1ptm.fd"
File: ot1ptm.fd 2001/06/04 font definitions for OT1/ptm.
)
LaTeX Font Info:    Font shape `OT1/ptm/bx/n' in size <5> not available
(Font)              Font shape `OT1/ptm/b/n' tried instead on input line 43.
LaTeX Font Info:    Font shape `OT1/ptm/bx/it' in size <5> not available
(Font)              Font shape `OT1/ptm/b/it' tried instead on input line 43.
LaTeX Font Info:    Font shape `OT1/ptm/bx/n' in size <7> not available
(Font)              Font shape `OT1/ptm/b/n' tried instead on input line 43.
LaTeX Font Info:    Font shape `OT1/ptm/bx/it' in size <7> not available
(Font)              Font shape `OT1/ptm/b/it' tried instead on input line 43.
LaTeX Font Info:    Font shape `OT1/ptm/bx/n' in size <8> not available
(Font)              Font shape `OT1/ptm/b/n' tried instead on input line 43.
LaTeX Font Info:    Font shape `OT1/ptm/bx/it' in size <8> not available
(Font)              Font shape `OT1/ptm/b/it' tried instead on input line 43.
LaTeX Font Info:    Font shape `OT1/ptm/bx/n' in size <9> not available
(Font)              Font shape `OT1/ptm/b/n' tried instead on input line 43.
LaTeX Font Info:    Font shape `OT1/ptm/bx/it' in size <9> not available
(Font)              Font shape `OT1/ptm/b/it' tried instead on input line 43.
LaTeX Font Info:    Font shape `OT1/ptm/bx/n' in size <10> not available
(Font)              Font shape `OT1/ptm/b/n' tried instead on input line 43.
LaTeX Font Info:    Font shape `OT1/ptm/bx/it' in size <10> not available
(Font)              Font shape `OT1/ptm/b/it' tried instead on input line 43.
LaTeX Font Info:    Font shape `OT1/ptm/bx/n' in size <11> not available
(Font)              Font shape `OT1/ptm/b/n' tried instead on input line 43.
LaTeX Font Info:    Font shape `OT1/ptm/bx/it' in size <11> not available
(Font)              Font shape `OT1/ptm/b/it' tried instead on input line 43.
LaTeX Font Info:    Font shape `OT1/ptm/bx/n' in size <12> not available
(Font)              Font shape `OT1/ptm/b/n' tried instead on input line 43.
LaTeX Font Info:    Font shape `OT1/ptm/bx/it' in size <12> not available
(Font)              Font shape `OT1/ptm/b/it' tried instead on input line 43.
LaTeX Font Info:    Font shape `OT1/ptm/bx/n' in size <17> not available
(Font)              Font shape `OT1/ptm/b/n' tried instead on input line 43.
LaTeX Font Info:    Font shape `OT1/ptm/bx/it' in size <17> not available
(Font)              Font shape `OT1/ptm/b/it' tried instead on input line 43.
LaTeX Font Info:    Font shape `OT1/ptm/bx/n' in size <20> not available
(Font)              Font shape `OT1/ptm/b/n' tried instead on input line 43.
LaTeX Font Info:    Font shape `OT1/ptm/bx/it' in size <20> not available
(Font)              Font shape `OT1/ptm/b/it' tried instead on input line 43.
LaTeX Font Info:    Font shape `OT1/ptm/bx/n' in size <24> not available
(Font)              Font shape `OT1/ptm/b/n' tried instead on input line 43.
LaTeX Font Info:    Font shape `OT1/ptm/bx/it' in size <24> not available
(Font)              Font shape `OT1/ptm/b/it' tried instead on input line 43.

("C:\Program Files (x86)\MiKTeX 2.9\tex\context\base\supp-pdf.mkii"
[Loading MPS to PDF converter (version 2006.09.02).]
\scratchcounter=\count140
\scratchdimen=\dimen183
\scratchbox=\box42
\nofMPsegments=\count141
\nofMParguments=\count142
\everyMPshowfont=\toks40
\MPscratchCnt=\count143
\MPscratchDim=\dimen184
\MPnumerator=\count144
\makeMPintoPDFobject=\count145
\everyMPtoPDFconversion=\toks41
) ("C:\Program Files (x86)\MiKTeX 2.9\tex\generic\oberdiek\pdftexcmds.sty"
Package: pdftexcmds 2016/05/21 v0.22 Utility functions of pdfTeX for LuaTeX (HO
)

("C:\Program Files (x86)\MiKTeX 2.9\tex\generic\oberdiek\ifluatex.sty"
Package: ifluatex 2016/05/16 v1.4 Provides the ifluatex switch (HO)
Package ifluatex Info: LuaTeX not detected.
)
("C:\Program Files (x86)\MiKTeX 2.9\tex\generic\oberdiek\ifpdf.sty"
Package: ifpdf 2016/05/14 v3.1 Provides the ifpdf switch
)
Package pdftexcmds Info: LuaTeX not detected.
Package pdftexcmds Info: \pdf@primitive is available.
Package pdftexcmds Info: \pdf@ifprimitive is available.
Package pdftexcmds Info: \pdfdraftmode found.
)
("C:\Program Files (x86)\MiKTeX 2.9\tex\latex\oberdiek\epstopdf-base.sty"
Package: epstopdf-base 2016/05/15 v2.6 Base part for package epstopdf

("C:\Program Files (x86)\MiKTeX 2.9\tex\latex\oberdiek\grfext.sty"
Package: grfext 2016/05/16 v1.2 Manage graphics extensions (HO)

("C:\Program Files (x86)\MiKTeX 2.9\tex\generic\oberdiek\kvdefinekeys.sty"
Package: kvdefinekeys 2016/05/16 v1.4 Define keys (HO)
))
("C:\Program Files (x86)\MiKTeX 2.9\tex\latex\oberdiek\kvoptions.sty"
Package: kvoptions 2016/05/16 v3.12 Key value format for package options (HO)

("C:\Program Files (x86)\MiKTeX 2.9\tex\generic\oberdiek\kvsetkeys.sty"
Package: kvsetkeys 2016/05/16 v1.17 Key value parser (HO)

("C:\Program Files (x86)\MiKTeX 2.9\tex\generic\oberdiek\etexcmds.sty"
Package: etexcmds 2016/05/16 v1.6 Avoid name clashes with e-TeX commands (HO)
Package etexcmds Info: Could not find \expanded.
(etexcmds)             That can mean that you are not using pdfTeX 1.50 or
(etexcmds)             that some package has redefined \expanded.
(etexcmds)             In the latter case, load this package earlier.
)))
Package epstopdf-base Info: Redefining graphics rule for `.eps' on input line 4
38.
Package grfext Info: Graphics extension search list:
(grfext)             [.png,.pdf,.jpg,.mps,.jpeg,.jbig2,.jb2,.PNG,.PDF,.JPG,.JPE
G,.JBIG2,.JB2,.eps]
(grfext)             \AppendGraphicsExtensions on input line 456.
)
Package caption Info: Begin \AtBeginDocument code.
Package caption Info: subfig package v1.3 is loaded.
Package caption Info: float package is loaded.
Package caption Info: End \AtBeginDocument code.

ABD: EveryShipout initializing macros
LaTeX Font Info:    Try loading font information for OT1+phv on input line 76.

("C:\Program Files (x86)\MiKTeX 2.9\tex\latex\psnfss\ot1phv.fd"
File: ot1phv.fd 2001/06/04 scalable font definitions for OT1/phv.
)
LaTeX Font Info:    Font shape `OT1/phv/bx/n' in size <8> not available
(Font)              Font shape `OT1/phv/b/n' tried instead on input line 76.
LaTeX Font Info:    Try loading font information for U+msa on input line 76.

("C:\Program Files (x86)\MiKTeX 2.9\tex\latex\amsfonts\umsa.fd"
File: umsa.fd 2013/01/14 v3.01 AMS symbols A
)
LaTeX Font Info:    Try loading font information for U+msb on input line 76.

("C:\Program Files (x86)\MiKTeX 2.9\tex\latex\amsfonts\umsb.fd"
File: umsb.fd 2013/01/14 v3.01 AMS symbols B
)
** ATTENTION: \keywords is deprecated (line 76). Use \IEEEkeywords instead.
LaTeX Font Info:    Calculating math sizes for size <11> on input line 76.
LaTeX Font Info:    Try loading font information for U+pzd on input line 76.
("C:\Program Files (x86)\MiKTeX 2.9\tex\latex\psnfss\upzd.fd"
File: upzd.fd 2001/06/04 font definitions for U/pzd.
)
** ATTENTION: \keywords is deprecated (line 76). Use \IEEEkeywords instead.
LaTeX Font Info:    Font shape `OT1/phv/bx/n' in size <12> not available
(Font)              Font shape `OT1/phv/b/n' tried instead on input line 82.
LaTeX Font Info:    Font shape `OT1/phv/bx/sc' in size <12> not available
(Font)              Font shape `OT1/phv/b/sc' tried instead on input line 82.

LaTeX Warning: Citation `chisquare' on page 1 undefined on input line 91.


LaTeX Warning: Citation `jour' on page 1 undefined on input line 104.


LaTeX Warning: Citation `jour' on page 1 undefined on input line 104.


LaTeX Warning: Citation `ADMA' on page 1 undefined on input line 104.


LaTeX Warning: Citation `jour' on page 1 undefined on input line 104.


LaTeX Warning: Citation `apweb' on page 1 undefined on input line 107.


LaTeX Warning: Citation `irregular1' on page 1 undefined on input line 107.


LaTeX Warning: Citation `irregular2' on page 1 undefined on input line 107.


LaTeX Warning: Citation `irregular3' on page 1 undefined on input line 107.


LaTeX Warning: Citation `apweb' on page 1 undefined on input line 109.


LaTeX Warning: Citation `apweb' on page 1 undefined on input line 115.

[1{C:/ProgramData/MiKTeX/2.9/pdftex/config/pdftex.map}


]

LaTeX Warning: Reference `BG' on page 2 undefined on input line 126.


LaTeX Warning: Reference `sec:mov' on page 2 undefined on input line 127.


LaTeX Warning: Reference `RMS' on page 2 undefined on input line 127.


LaTeX Warning: Reference `DM' on page 2 undefined on input line 127.


LaTeX Warning: Reference `KBEST' on page 2 undefined on input line 129.


LaTeX Warning: Reference `IMPDA' on page 2 undefined on input line 130.


LaTeX Warning: Reference `EA' on page 2 undefined on input line 130.


LaTeX Warning: Reference `RW' on page 2 undefined on input line 131.


LaTeX Warning: Reference `CC' on page 2 undefined on input line 132.

LaTeX Font Info:    Font shape `OT1/phv/bx/n' in size <10> not available
(Font)              Font shape `OT1/phv/b/n' tried instead on input line 136.

LaTeX Warning: Citation `jour' on page 2 undefined on input line 150.


LaTeX Warning: Citation `jour' on page 2 undefined on input line 155.


LaTeX Warning: Citation `DagMaxmize' on page 2 undefined on input line 161.


LaTeX Warning: Citation `DagMaxmize' on page 2 undefined on input line 169.


Package amsmath Warning: Foreign command \over;
(amsmath)                \frac or \genfrac should be used instead
(amsmath)                 on input line 176.


LaTeX Warning: Citation `DagMaxmize' on page 2 undefined on input line 182.


LaTeX Warning: Citation `DagMaxmize' on page 2 undefined on input line 184.


LaTeX Warning: Citation `DagMaxmize' on page 2 undefined on input line 184.


LaTeX Warning: Reference `example1' on page 2 undefined on input line 193.

<figtkde/example11.pdf, id=21, 771.88374pt x 520.94624pt>
File: figtkde/example11.pdf Graphic file (type pdf)

<use figtkde/example11.pdf>
Package pdftex.def Info: figtkde/example11.pdf used on input line 200.
(pdftex.def)             Requested size: 120.0pt x 80.9843pt.

<figtkde/example12.pdf, id=22, 601.24625pt x 605.26125pt>
File: figtkde/example12.pdf Graphic file (type pdf)

<use figtkde/example12.pdf>
Package pdftex.def Info: figtkde/example12.pdf used on input line 204.
(pdftex.def)             Requested size: 95.99854pt x 96.63135pt.


LaTeX Warning: `h' float specifier changed to `ht'.


LaTeX Warning: Reference `example1' on page 2 undefined on input line 210.

[2]

LaTeX Warning: Reference `example:subfig12' on page 3 undefined on input line 2
12.


LaTeX Warning: Citation `apweb' on page 3 undefined on input line 215.


LaTeX Warning: Reference `BG' on page 3 undefined on input line 218.


LaTeX Warning: Reference `thm1' on page 3 undefined on input line 218.


Overfull \hbox (23.0393pt too wide) in paragraph at lines 243--244
 [] 
 []


LaTeX Warning: Reference `fig:example' on page 3 undefined on input line 250.


LaTeX Warning: Reference `fig:example' on page 3 undefined on input line 250.


LaTeX Warning: Reference `EQ:precomp' on page 3 undefined on input line 262.


LaTeX Warning: Citation `apweb' on page 3 undefined on input line 264.


LaTeX Warning: Reference `sec:mov1' on page 3 undefined on input line 269.


LaTeX Warning: Reference `trans:subfig1' on page 3 undefined on input line 270.



LaTeX Warning: Reference `trans:subfig2' on page 3 undefined on input line 270.


<figtkde/range1.pdf, id=33, 553.06625pt x 577.15625pt>
File: figtkde/range1.pdf Graphic file (type pdf)

<use figtkde/range1.pdf>
Package pdftex.def Info: figtkde/range1.pdf used on input line 276.
(pdftex.def)             Requested size: 107.99927pt x 112.69913pt.
 <figtkde/range2.pdf, id=34, 542.025pt x 566.115pt>
File: figtkde/range2.pdf Graphic file (type pdf)

<use figtkde/range2.pdf>
Package pdftex.def Info: figtkde/range2.pdf used on input line 280.
(pdftex.def)             Requested size: 107.99927pt x 112.79771pt.
 [3 <./figtkde/example11.pdf> <./figtkde/example12.pdf>]

LaTeX Warning: Citation `horner' on page 4 undefined on input line 285.


Underfull \hbox (badness 10000) in paragraph at lines 287--288

 []


Underfull \hbox (badness 10000) in paragraph at lines 289--290

 []


Underfull \hbox (badness 10000) in paragraph at lines 297--299

 []


Underfull \hbox (badness 10000) in paragraph at lines 300--302

 []


Overfull \hbox (7.39276pt too wide) in paragraph at lines 328--328
[] 
 []


LaTeX Warning: Reference `even:subfig1' on page 4 undefined on input line 330.


Overfull \hbox (21.91827pt too wide) in paragraph at lines 373--373
[] 
 []

[4 <./figtkde/range1.pdf> <./figtkde/range2.pdf>]

LaTeX Warning: Reference `odd:subfig1' on page 5 undefined on input line 375.


LaTeX Warning: Reference `even:subfig1' on page 5 undefined on input line 390.


LaTeX Warning: Reference `odd:subfig1' on page 5 undefined on input line 390.


LaTeX Warning: Reference `RM' on page 5 undefined on input line 390.

<figtkde/eventransform.pdf, id=87, 341.275pt x 360.54701pt>
File: figtkde/eventransform.pdf Graphic file (type pdf)

<use figtkde/eventransform.pdf>
Package pdftex.def Info: figtkde/eventransform.pdf used on input line 397.
(pdftex.def)             Requested size: 107.99927pt x 114.09554pt.

<figtkde/oddtransform.pdf, id=88, 341.275pt x 374.19798pt>
File: figtkde/oddtransform.pdf Graphic file (type pdf)

<use figtkde/oddtransform.pdf>
Package pdftex.def Info: figtkde/oddtransform.pdf used on input line 401.
(pdftex.def)             Requested size: 107.99927pt x 118.4154pt.


LaTeX Warning: Reference `example:subfig1' on page 5 undefined on input line 40
5.


LaTeX Warning: Reference `example:subfig2' on page 5 undefined on input line 40
5.


LaTeX Warning: Reference `example:subfig1' on page 5 undefined on input line 40
5.


LaTeX Warning: Reference `maptable' on page 5 undefined on input line 405.

<figtkde/exampleven.pdf, id=89, 347.69899pt x 373.395pt>
File: figtkde/exampleven.pdf Graphic file (type pdf)

<use figtkde/exampleven.pdf>
Package pdftex.def Info: figtkde/exampleven.pdf used on input line 412.
(pdftex.def)             Requested size: 107.99927pt x 115.97916pt.

<figtkde/exampleodd.pdf, id=90, 342.07799pt x 375.001pt>
File: figtkde/exampleodd.pdf Graphic file (type pdf)

<use figtkde/exampleodd.pdf>
Package pdftex.def Info: figtkde/exampleodd.pdf used on input line 416.
(pdftex.def)             Requested size: 107.99927pt x 118.39487pt.


LaTeX Warning: `h' float specifier changed to `ht'.


Underfull \hbox (badness 10000) in paragraph at lines 457--459
\OT1/ptm/m/n/10 Two-dimensional map-ping is ex-tended from one-
 []


Underfull \hbox (badness 10000) in paragraph at lines 464--466

 []


Underfull \hbox (badness 10000) in paragraph at lines 476--478

 []

[5 <./figtkde/eventransform.pdf> <./figtkde/oddtransform.pdf

pdfTeX warning: pdflatex.exe (file ./figtkde/oddtransform.pdf): PDF inclusion: 
multiple pdfs with page group included in a single page
> <./figtkde/exampleven.pdf

pdfTeX warning: pdflatex.exe (file ./figtkde/exampleven.pdf): PDF inclusion: mu
ltiple pdfs with page group included in a single page
> <./figtkde/exampleodd.pdf

pdfTeX warning: pdflatex.exe (file ./figtkde/exampleodd.pdf): PDF inclusion: mu
ltiple pdfs with page group included in a single page
>]
Underfull \hbox (badness 10000) in paragraph at lines 486--489

 []


LaTeX Warning: Command \textless invalid in math mode on input line 493.

LaTeX Font Info:    Try loading font information for OML+ptm on input line 493.

("C:\Program Files (x86)\MiKTeX 2.9\tex\latex\psnfss\omlptm.fd"
File: omlptm.fd 
)
LaTeX Font Info:    Font shape `OML/ptm/m/n' in size <9> not available
(Font)              Font shape `OML/cmm/m/it' tried instead on input line 493.


LaTeX Warning: Command \textless invalid in math mode on input line 493.


LaTeX Warning: Command \textless invalid in math mode on input line 497.


LaTeX Warning: Command \textless invalid in math mode on input line 497.


Underfull \hbox (badness 10000) in paragraph at lines 509--509
 \OT1/phv/b/sc/12 5 In-clu-sive/Exclusive Pre-
 []


LaTeX Warning: Reference `sec:mov2' on page 6 undefined on input line 511.


LaTeX Warning: Reference `prec:subfig1' on page 6 undefined on input line 516.


LaTeX Warning: Reference `prec:subfig2' on page 6 undefined on input line 516.


LaTeX Warning: Reference `prec:subfig3' on page 6 undefined on input line 516.


LaTeX Warning: Reference `prec:subfig4' on page 6 undefined on input line 516.


LaTeX Warning: Reference `prec:subfig1' on page 6 undefined on input line 525.


LaTeX Warning: Reference `preinex' on page 6 undefined on input line 525.


Underfull \hbox (badness 10000) in paragraph at lines 523--526

 []

<figtkde/prea.pdf, id=115, 469.755pt x 358.13799pt>
File: figtkde/prea.pdf Graphic file (type pdf)
 <use figtkde/prea.pdf>
Package pdftex.def Info: figtkde/prea.pdf used on input line 555.
(pdftex.def)             Requested size: 95.99854pt x 73.18378pt.

<figtkde/preb.pdf, id=116, 437.635pt x 346.09299pt>
File: figtkde/preb.pdf Graphic file (type pdf)
 <use figtkde/preb.pdf>
Package pdftex.def Info: figtkde/preb.pdf used on input line 559.
(pdftex.def)             Requested size: 95.99854pt x 75.9136pt.

<figtkde/prex.pdf, id=117, 418.36299pt x 347.69899pt>
File: figtkde/prex.pdf Graphic file (type pdf)
 <use figtkde/prex.pdf>
Package pdftex.def Info: figtkde/prex.pdf used on input line 563.
(pdftex.def)             Requested size: 95.99854pt x 79.78339pt.

<figtkde/prey.pdf, id=118, 464.13399pt x 346.89601pt>
File: figtkde/prey.pdf Graphic file (type pdf)
 <use figtkde/prey.pdf>
Package pdftex.def Info: figtkde/prey.pdf used on input line 567.
(pdftex.def)             Requested size: 95.99854pt x 71.74931pt.

Underfull \hbox (badness 10000) in paragraph at lines 576--579

 []

[6 <./figtkde/prea.pdf> <./figtkde/preb.pdf

pdfTeX warning: pdflatex.exe (file ./figtkde/preb.pdf): PDF inclusion: multiple
 pdfs with page group included in a single page
> <./figtkde/prex.pdf

pdfTeX warning: pdflatex.exe (file ./figtkde/prex.pdf): PDF inclusion: multiple
 pdfs with page group included in a single page
> <./figtkde/prey.pdf

pdfTeX warning: pdflatex.exe (file ./figtkde/prey.pdf): PDF inclusion: multiple
 pdfs with page group included in a single page
>]
Underfull \hbox (badness 1728) in paragraph at lines 636--636
 \OT1/phv/b/sc/12 7 Im-ple-men-ta-tions on Par-al-lel and
 []


LaTeX Warning: Citation `lrtsrc' on page 7 undefined on input line 641.


LaTeX Warning: Reference `naive' on page 7 undefined on input line 644.


Underfull \hbox (badness 10000) in paragraph at lines 649--652

 []


LaTeX Warning: Reference `Inex' on page 7 undefined on input line 668.


Underfull \hbox (badness 10000) in paragraph at lines 672--675

 []

[7]

LaTeX Warning: Reference `multicorem' on page 8 undefined on input line 699.


LaTeX Warning: Reference `multicorep' on page 8 undefined on input line 699.


Underfull \hbox (badness 10000) in paragraph at lines 703--706

 []


Underfull \hbox (badness 10000) in paragraph at lines 733--736

 []


LaTeX Warning: Citation `cuda' on page 8 undefined on input line 752.


LaTeX Warning: Reference `gpgpus' on page 8 undefined on input line 755.

[8]
Underfull \hbox (badness 10000) in paragraph at lines 760--763

 []


LaTeX Warning: Reference `mpi' on page 9 undefined on input line 785.


Underfull \hbox (badness 10000) in paragraph at lines 790--793

 []

LaTeX Font Info:    Font shape `OT1/phv/m/it' in size <10> not available
(Font)              Font shape `OT1/phv/m/sl' tried instead on input line 832.

LaTeX Warning: Reference `fast:subfig1' on page 9 undefined on input line 833.


LaTeX Warning: Reference `fast:subfig2' on page 9 undefined on input line 833.


LaTeX Warning: Reference `fast:subfig1' on page 9 undefined on input line 838.


LaTeX Warning: Reference `fast:subfig2' on page 9 undefined on input line 838.

<figtkde/naivespeedup.pdf, id=152, 445.665pt x 366.97101pt>
File: figtkde/naivespeedup.pdf Graphic file (type pdf)

<use figtkde/naivespeedup.pdf>
Package pdftex.def Info: figtkde/naivespeedup.pdf used on input line 846.
(pdftex.def)             Requested size: 180.0pt x 148.21367pt.

<figtkde/fastspeed.pdf, id=153, 515.52597pt x 377.41pt>
File: figtkde/fastspeed.pdf Graphic file (type pdf)

<use figtkde/fastspeed.pdf>
Package pdftex.def Info: figtkde/fastspeed.pdf used on input line 850.
(pdftex.def)             Requested size: 192.00073pt x 140.56091pt.


LaTeX Warning: `h' float specifier changed to `ht'.


LaTeX Warning: Reference `multicore' on page 9 undefined on input line 854.


LaTeX Warning: Reference `multicore' on page 9 undefined on input line 854.


LaTeX Warning: Reference `multicore' on page 9 undefined on input line 856.

<figtkde/speedup-efficiency.pdf, id=154, 541.22202pt x 369.38pt>
File: figtkde/speedup-efficiency.pdf Graphic file (type pdf)

<use figtkde/speedup-efficiency.pdf>
Package pdftex.def Info: figtkde/speedup-efficiency.pdf used on input line 863.

(pdftex.def)             Requested size: 215.99854pt x 147.41684pt.

<figtkde/singlerectangle.pdf, id=155, 444.86201pt x 367.77399pt>
File: figtkde/singlerectangle.pdf Graphic file (type pdf)

<use figtkde/singlerectangle.pdf>
Package pdftex.def Info: figtkde/singlerectangle.pdf used on input line 867.
(pdftex.def)             Requested size: 192.00073pt x 158.72896pt.


LaTeX Warning: `h' float specifier changed to `ht'.


LaTeX Warning: Reference `gpu:subfig1' on page 9 undefined on input line 875.


LaTeX Warning: Reference `gpu:subfig2' on page 9 undefined on input line 875.

<figtkde/GPUspeedup.pdf, id=156, 503.481pt x 375.804pt>
File: figtkde/GPUspeedup.pdf Graphic file (type pdf)

<use figtkde/GPUspeedup.pdf>
Package pdftex.def Info: figtkde/GPUspeedup.pdf used on input line 885.
(pdftex.def)             Requested size: 192.00073pt x 143.31161pt.

<figtkde/gpurecpersec.pdf, id=157, 460.11899pt x 363.75899pt>
File: figtkde/gpurecpersec.pdf Graphic file (type pdf)

<use figtkde/gpurecpersec.pdf>
Package pdftex.def Info: figtkde/gpurecpersec.pdf used on input line 889.
(pdftex.def)             Requested size: 192.00073pt x 151.78973pt.


LaTeX Warning: `h' float specifier changed to `ht'.

[9]

LaTeX Warning: Reference `tab:op' on page 10 undefined on input line 908.


LaTeX Warning: Reference `ec2:subfig1' on page 10 undefined on input line 927.


LaTeX Warning: Reference `ec2:subfig2' on page 10 undefined on input line 927.

<figtkde/ec2speedup.pdf, id=162, 471.36101pt x 382.22798pt>
File: figtkde/ec2speedup.pdf Graphic file (type pdf)

<use figtkde/ec2speedup.pdf>
Package pdftex.def Info: figtkde/ec2speedup.pdf used on input line 935.
(pdftex.def)             Requested size: 204.00146pt x 165.42213pt.

<figtkde/ec2compcost.pdf, id=163, 450.48299pt x 370.18298pt>
File: figtkde/ec2compcost.pdf Graphic file (type pdf)

<use figtkde/ec2compcost.pdf>
Package pdftex.def Info: figtkde/ec2compcost.pdf used on input line 939.
(pdftex.def)             Requested size: 204.00146pt x 167.63707pt.


LaTeX Warning: `h' float specifier changed to `ht'.


LaTeX Warning: Reference `cm' on page 10 undefined on input line 944.


Underfull \hbox (badness 1540) in paragraph at lines 944--945
\OT1/ptm/m/n/10 From the above re-sults, we fur-ther an-a-lyze of LRT
 []


Underfull \hbox (badness 3838) in paragraph at lines 944--945
\OT1/ptm/m/n/10 com-pu-ta-tion on dif-fer-ent ar-chi-tec-tures. We plot the
 []


Underfull \hbox (badness 2310) in paragraph at lines 944--945
\OT1/cmr/m/n/10 (1000\OML/cmm/m/it/10 ; \OT1/cmr/m/n/10 1000)$ \OT1/ptm/m/n/10 
on the fol-low-ing dif-fer-ent ar-chi-tec-tures:
 []


Underfull \hbox (badness 10000) in paragraph at lines 944--945

 []

[10 <./figtkde/naivespeedup.pdf> <./figtkde/fastspeed.pdf

pdfTeX warning: pdflatex.exe (file ./figtkde/fastspeed.pdf): PDF inclusion: mul
tiple pdfs with page group included in a single page
> <./figtkde/speedup-efficiency.pdf

pdfTeX warning: pdflatex.exe (file ./figtkde/speedup-efficiency.pdf): PDF inclu
sion: multiple pdfs with page group included in a single page
> <./figtkde/singlerectangle.pdf

pdfTeX warning: pdflatex.exe (file ./figtkde/singlerectangle.pdf): PDF inclusio
n: multiple pdfs with page group included in a single page
>] <figtkde/combined.pdf, id=188, 472.164pt x 364.56201pt>
File: figtkde/combined.pdf Graphic file (type pdf)

<use figtkde/combined.pdf>
Package pdftex.def Info: figtkde/combined.pdf used on input line 972.
(pdftex.def)             Requested size: 204.00146pt x 157.50957pt.


LaTeX Warning: `h' float specifier changed to `ht'.


LaTeX Warning: Citation `sat' on page 11 undefined on input line 979.


LaTeX Warning: Citation `Larew' on page 11 undefined on input line 979.


LaTeX Warning: Citation `Larew' on page 11 undefined on input line 981.


LaTeX Warning: Citation `zhao' on page 11 undefined on input line 983.

[11 <./figtkde/GPUspeedup.pdf> <./figtkde/gpurecpersec.pdf

pdfTeX warning: pdflatex.exe (file ./figtkde/gpurecpersec.pdf): PDF inclusion: 
multiple pdfs with page group included in a single page
> <./figtkde/ec2speedup.pdf

pdfTeX warning: pdflatex.exe (file ./figtkde/ec2speedup.pdf): PDF inclusion: mu
ltiple pdfs with page group included in a single page
> <./figtkde/ec2compcost.pdf

pdfTeX warning: pdflatex.exe (file ./figtkde/ec2compcost.pdf): PDF inclusion: m
ultiple pdfs with page group included in a single page
> <./figtkde/combined.pdf

pdfTeX warning: pdflatex.exe (file ./figtkde/combined.pdf): PDF inclusion: mult
iple pdfs with page group included in a single page
>]

LaTeX Warning: Citation `jour' on page 12 undefined on input line 1000.


Overfull \hbox (8.0556pt too wide) in paragraph at lines 1010--1010
[] 
 []

** ATTENTION: \proof is deprecated (line 1012). Use \IEEEproof instead.

Overfull \hbox (19.75128pt too wide) in paragraph at lines 1018--1018
[] 
 []


Underfull \vbox (badness 10000) has occurred while \output is active []


Overfull \hbox (21.65443pt too wide) detected at line 1030
\OML/cmm/m/it/10 A\OT1/cmr/m/n/10 (\OML/cmm/m/it/10 i; j\OT1/cmr/m/n/10 ) = \OM
L/cmm/m/it/10 A[] \OT1/cmr/m/n/10 + \OML/cmm/m/it/10 A[] \OMS/cmsy/m/n/10   \OM
L/cmm/m/it/10 A[] \OT1/cmr/m/n/10 + \OML/cmm/m/it/10 c[][]:
 []

** ATTENTION: \proof is deprecated (line 1033). Use \IEEEproof instead.

Overfull \hbox (27.4094pt too wide) in alignment at lines 1034--1041
 [][][] []
 []


Overfull \hbox (13.6311pt too wide) detected at line 1054
\OML/cmm/m/it/10 X[] \OT1/cmr/m/n/10 = \OML/cmm/m/it/10 X[] \OT1/cmr/m/n/10 + \
OML/cmm/m/it/10 X[] \OMS/cmsy/m/n/10   \OML/cmm/m/it/10 X[] \OT1/cmr/m/n/10 + \
OML/cmm/m/it/10 c[][]:
 []

** ATTENTION: \proof is deprecated (line 1057). Use \IEEEproof instead.

Overfull \hbox (39.3462pt too wide) in alignment at lines 1058--1065
 [][][] []
 []

[12]
Overfull \hbox (13.6311pt too wide) detected at line 1077
\OML/cmm/m/it/10 X[] \OT1/cmr/m/n/10 = \OML/cmm/m/it/10 X[] \OT1/cmr/m/n/10 + \
OML/cmm/m/it/10 X[] \OMS/cmsy/m/n/10   \OML/cmm/m/it/10 X[] \OT1/cmr/m/n/10 + \
OML/cmm/m/it/10 c[][]:
 []

** ATTENTION: \proof is deprecated (line 1080). Use \IEEEproof instead.

Overfull \hbox (39.3462pt too wide) in alignment at lines 1081--1088
 [][][] []
 []


Overfull \hbox (3.71442pt too wide) detected at line 1100
\OML/cmm/m/it/10 Y[] \OT1/cmr/m/n/10 = \OML/cmm/m/it/10 Y[] \OT1/cmr/m/n/10 + \
OML/cmm/m/it/10 Y[] \OMS/cmsy/m/n/10   \OML/cmm/m/it/10 Y[] \OT1/cmr/m/n/10 + \
OML/cmm/m/it/10 c[][]:
 []

** ATTENTION: \proof is deprecated (line 1103). Use \IEEEproof instead.

Overfull \hbox (33.05519pt too wide) in alignment at lines 1104--1111
 [][][] []
 []


Underfull \hbox (badness 10000) in paragraph at lines 1119--1122

 []


Underfull \hbox (badness 10000) in paragraph at lines 1148--1149

 []


Underfull \hbox (badness 10000) in paragraph at lines 1162--1163
[] []\OT1/ptm/m/it/9 X\OT1/ptm/m/n/9 (i-k,k)$\OMS/cmsy/m/n/9  $\OT1/ptm/m/n/9 G
(i-k+1,k-1)+X(i-k+1,k)+X(i-k,k-1)-X(i-
 []


Underfull \hbox (badness 10000) in paragraph at lines 1166--1167
[] []\OT1/ptm/m/it/9 X\OT1/ptm/m/n/9 (n-1-k,j)$\OMS/cmsy/m/n/9  $\OT1/ptm/m/n/9
 G(n-k,j-1)+X(n-1-k,j-1)+X(n-k,j)-X(n-k,j-
 []


Underfull \hbox (badness 10000) in paragraph at lines 1175--1178

 []


Underfull \hbox (badness 2158) in paragraph at lines 1191--1192
[] []\OT1/ptm/m/it/9 Y\OT1/ptm/m/n/9 (i,n-1-k)$\OMS/cmsy/m/n/9  $\OT1/ptm/m/n/9
 G(i-1,n-k)+Y(i-1,n-1-k)+ Y(i,n-k)-Y(i-1,n-
 []


Underfull \hbox (badness 10000) in paragraph at lines 1195--1196
[] []\OT1/ptm/m/it/9 Y\OT1/ptm/m/n/9 (k,n-k)$\OMS/cmsy/m/n/9  $\OT1/ptm/m/n/9 G
(k-1,n-k+1)+Y(k,n-k+1)+Y(k-1,n-k)-Y(k-
 []

No file LRT_GPGPU.bbl.
[13] [14

] (LRT_GPGPU.aux)

LaTeX Warning: There were undefined references.


LaTeX Warning: Label(s) may have changed. Rerun to get cross-references right.

 ) 
Here is how much of TeX's memory you used:
 15139 strings out of 493334
 292909 string characters out of 3136669
 340592 words of memory out of 3000000
 18320 multiletter control sequences out of 15000+200000
 77374 words of font info for 162 fonts, out of 3000000 for 9000
 1144 hyphenation exceptions out of 8191
 55i,18n,57p,1269b,699s stack positions out of 5000i,500n,10000p,200000b,50000s
{C:/Program Files (x86)/MiKTeX 2.9/fonts/enc/dvips/fontname/8r.enc}<C:/Progra
m Files (x86)/MiKTeX 2.9/fonts/type1/public/amsfonts/cm/cmex10.pfb><C:/Program 
Files (x86)/MiKTeX 2.9/fonts/type1/public/amsfonts/cm/cmmi10.pfb><C:/Program Fi
les (x86)/MiKTeX 2.9/fonts/type1/public/amsfonts/cm/cmmi5.pfb><C:/Program Files
 (x86)/MiKTeX 2.9/fonts/type1/public/amsfonts/cm/cmmi6.pfb><C:/Program Files (x
86)/MiKTeX 2.9/fonts/type1/public/amsfonts/cm/cmmi7.pfb><C:/Program Files (x86)
/MiKTeX 2.9/fonts/type1/public/amsfonts/cm/cmmi8.pfb><C:/Program Files (x86)/Mi
KTeX 2.9/fonts/type1/public/amsfonts/cm/cmmi9.pfb><C:/Program Files (x86)/MiKTe
X 2.9/fonts/type1/public/amsfonts/cm/cmr10.pfb><C:/Program Files (x86)/MiKTeX 2
.9/fonts/type1/public/amsfonts/cm/cmr5.pfb><C:/Program Files (x86)/MiKTeX 2.9/f
onts/type1/public/amsfonts/cm/cmr6.pfb><C:/Program Files (x86)/MiKTeX 2.9/fonts
/type1/public/amsfonts/cm/cmr7.pfb><C:/Program Files (x86)/MiKTeX 2.9/fonts/typ
e1/public/amsfonts/cm/cmr8.pfb><C:/Program Files (x86)/MiKTeX 2.9/fonts/type1/p
ublic/amsfonts/cm/cmr9.pfb><C:/Program Files (x86)/MiKTeX 2.9/fonts/type1/publi
c/amsfonts/cm/cmsy10.pfb><C:/Program Files (x86)/MiKTeX 2.9/fonts/type1/public/
amsfonts/cm/cmsy7.pfb><C:/Program Files (x86)/MiKTeX 2.9/fonts/type1/public/ams
fonts/cm/cmsy8.pfb><C:/Program Files (x86)/MiKTeX 2.9/fonts/type1/public/amsfon
ts/cm/cmsy9.pfb><C:/Program Files (x86)/MiKTeX 2.9/fonts/type1/public/amsfonts/
symbols/msam10.pfb><C:/Program Files (x86)/MiKTeX 2.9/fonts/type1/public/amsfon
ts/symbols/msbm10.pfb><C:/Program Files (x86)/MiKTeX 2.9/fonts/type1/urw/helvet
ic/uhvb8a.pfb><C:/Program Files (x86)/MiKTeX 2.9/fonts/type1/urw/helvetic/uhvr8
a.pfb><C:/Program Files (x86)/MiKTeX 2.9/fonts/type1/urw/helvetic/uhvro8a.pfb><
C:/Program Files (x86)/MiKTeX 2.9/fonts/type1/urw/times/utmb8a.pfb><C:/Program 
Files (x86)/MiKTeX 2.9/fonts/type1/urw/times/utmbi8a.pfb><C:/Program Files (x86
)/MiKTeX 2.9/fonts/type1/urw/times/utmr8a.pfb><C:/Program Files (x86)/MiKTeX 2.
9/fonts/type1/urw/times/utmri8a.pfb><C:/Program Files (x86)/MiKTeX 2.9/fonts/ty
pe1/urw/zapfding/uzdr.pfb>
Output written on LRT_GPGPU.pdf (14 pages, 1587179 bytes).
PDF statistics:
 312 PDF objects out of 1000 (max. 8388607)
 0 named destinations out of 1000 (max. 500000)
 124 words of extra memory for PDF output out of 10000 (max. 10000000)

